
[MSG] [Thu May 29 17:45:22 2008] Trying to get 'ftp://ftp.cpan.org/pub/CPAN/authors/id/S/SC/SCHWIGON/class-methodmaker/CHECKSUMS'
[MSG] [Thu May 29 17:45:25 2008] Checksum matches for 'Class-MethodMaker-2.11.tar.gz'
[MSG] [Thu May 29 17:45:25 2008] Extracted 'Class-MethodMaker-2.11/'
[MSG] [Thu May 29 17:45:25 2008] Extracted 'Class-MethodMaker-2.11/t/'
[MSG] [Thu May 29 17:45:25 2008] Extracted 'Class-MethodMaker-2.11/t/v1_boolean.t'
[MSG] [Thu May 29 17:45:25 2008] Extracted 'Class-MethodMaker-2.11/t/v1_static_list.t'
[MSG] [Thu May 29 17:45:25 2008] Extracted 'Class-MethodMaker-2.11/t/v1_key_with_create.t'
[MSG] [Thu May 29 17:45:25 2008] Extracted 'Class-MethodMaker-2.11/t/array.t'
[MSG] [Thu May 29 17:45:25 2008] Extracted 'Class-MethodMaker-2.11/t/v1_object_tie_list.t'
[MSG] [Thu May 29 17:45:25 2008] Extracted 'Class-MethodMaker-2.11/t/v1_list.t'
[MSG] [Thu May 29 17:45:25 2008] Extracted 'Class-MethodMaker-2.11/t/diffclass.t'
[MSG] [Thu May 29 17:45:25 2008] Extracted 'Class-MethodMaker-2.11/t/v1_static_hash.t'
[MSG] [Thu May 29 17:45:25 2008] Extracted 'Class-MethodMaker-2.11/t/v1_set_once_static.t'
[MSG] [Thu May 29 17:45:25 2008] Extracted 'Class-MethodMaker-2.11/t/v1_tie_list.t'
[MSG] [Thu May 29 17:45:25 2008] Extracted 'Class-MethodMaker-2.11/t/test_v1.pm'
[MSG] [Thu May 29 17:45:25 2008] Extracted 'Class-MethodMaker-2.11/t/v1_get_set.t'
[MSG] [Thu May 29 17:45:25 2008] Extracted 'Class-MethodMaker-2.11/t/v1_hash.t'
[MSG] [Thu May 29 17:45:25 2008] Extracted 'Class-MethodMaker-2.11/t/new.t'
[MSG] [Thu May 29 17:45:25 2008] Extracted 'Class-MethodMaker-2.11/t/v1_new_hash_with_init.t'
[MSG] [Thu May 29 17:45:25 2008] Extracted 'Class-MethodMaker-2.11/t/test.pm'
[MSG] [Thu May 29 17:45:25 2008] Extracted 'Class-MethodMaker-2.11/t/v1_abstract.t'
[MSG] [Thu May 29 17:45:25 2008] Extracted 'Class-MethodMaker-2.11/t/v1_tie_hash.t'
[MSG] [Thu May 29 17:45:25 2008] Extracted 'Class-MethodMaker-2.11/t/basic.t'
[MSG] [Thu May 29 17:45:25 2008] Extracted 'Class-MethodMaker-2.11/t/v1_get_set_hi.t'
[MSG] [Thu May 29 17:45:25 2008] Extracted 'Class-MethodMaker-2.11/t/v1_counter.t'
[MSG] [Thu May 29 17:45:25 2008] Extracted 'Class-MethodMaker-2.11/t/v1_copy.t'
[MSG] [Thu May 29 17:45:25 2008] Extracted 'Class-MethodMaker-2.11/t/v1_singleton.t'
[MSG] [Thu May 29 17:45:25 2008] Extracted 'Class-MethodMaker-2.11/t/0-signature.t'
[MSG] [Thu May 29 17:45:25 2008] Extracted 'Class-MethodMaker-2.11/t/v1_code.t'
[MSG] [Thu May 29 17:45:25 2008] Extracted 'Class-MethodMaker-2.11/t/v1_get_concat.t'
[MSG] [Thu May 29 17:45:25 2008] Extracted 'Class-MethodMaker-2.11/t/scalar.t'
[MSG] [Thu May 29 17:45:25 2008] Extracted 'Class-MethodMaker-2.11/t/redefine-warnings.t'
[MSG] [Thu May 29 17:45:25 2008] Extracted 'Class-MethodMaker-2.11/t/v1_method.t'
[MSG] [Thu May 29 17:45:25 2008] Extracted 'Class-MethodMaker-2.11/t/hash.t'
[MSG] [Thu May 29 17:45:25 2008] Extracted 'Class-MethodMaker-2.11/t/v1_key_attrib.t'
[MSG] [Thu May 29 17:45:25 2008] Extracted 'Class-MethodMaker-2.11/t/v1_object.t'
[MSG] [Thu May 29 17:45:25 2008] Extracted 'Class-MethodMaker-2.11/t/v1_object_tie_hash.t'
[MSG] [Thu May 29 17:45:25 2008] Extracted 'Class-MethodMaker-2.11/t/v1_set_once.t'
[MSG] [Thu May 29 17:45:25 2008] Extracted 'Class-MethodMaker-2.11/t/v1_tie_scalar.t'
[MSG] [Thu May 29 17:45:25 2008] Extracted 'Class-MethodMaker-2.11/t/v1_object_list.t'
[MSG] [Thu May 29 17:45:25 2008] Extracted 'Class-MethodMaker-2.11/t/v1_new.t'
[MSG] [Thu May 29 17:45:25 2008] Extracted 'Class-MethodMaker-2.11/t/v1_static_get_set.t'
[MSG] [Thu May 29 17:45:25 2008] Extracted 'Class-MethodMaker-2.11/Changes'
[MSG] [Thu May 29 17:45:25 2008] Extracted 'Class-MethodMaker-2.11/components/'
[MSG] [Thu May 29 17:45:25 2008] Extracted 'Class-MethodMaker-2.11/components/hash.m'
[MSG] [Thu May 29 17:45:25 2008] Extracted 'Class-MethodMaker-2.11/components/CommonMethods.pm'
[MSG] [Thu May 29 17:45:25 2008] Extracted 'Class-MethodMaker-2.11/components/array.m'
[MSG] [Thu May 29 17:45:25 2008] Extracted 'Class-MethodMaker-2.11/components/scalar.m'
[MSG] [Thu May 29 17:45:25 2008] Extracted 'Class-MethodMaker-2.11/MANIFEST'
[MSG] [Thu May 29 17:45:25 2008] Extracted 'Class-MethodMaker-2.11/TODO'
[MSG] [Thu May 29 17:45:25 2008] Extracted 'Class-MethodMaker-2.11/lib/'
[MSG] [Thu May 29 17:45:25 2008] Extracted 'Class-MethodMaker-2.11/lib/Class/'
[MSG] [Thu May 29 17:45:25 2008] Extracted 'Class-MethodMaker-2.11/lib/Class/MethodMaker.pm'
[MSG] [Thu May 29 17:45:25 2008] Extracted 'Class-MethodMaker-2.11/lib/Class/.placeholder'
[MSG] [Thu May 29 17:45:25 2008] Extracted 'Class-MethodMaker-2.11/lib/Class/MethodMaker/'
[MSG] [Thu May 29 17:45:25 2008] Extracted 'Class-MethodMaker-2.11/lib/Class/MethodMaker/Constants.pm'
[MSG] [Thu May 29 17:45:25 2008] Extracted 'Class-MethodMaker-2.11/lib/Class/MethodMaker/OptExt.pm'
[MSG] [Thu May 29 17:45:25 2008] Extracted 'Class-MethodMaker-2.11/lib/Class/MethodMaker/Engine.pm'
[MSG] [Thu May 29 17:45:25 2008] Extracted 'Class-MethodMaker-2.11/lib/Class/MethodMaker/V1Compat.pm'
[MSG] [Thu May 29 17:45:25 2008] Extracted 'Class-MethodMaker-2.11/Generate.pm'
[MSG] [Thu May 29 17:45:25 2008] Extracted 'Class-MethodMaker-2.11/configure'
[MSG] [Thu May 29 17:45:25 2008] Extracted 'Class-MethodMaker-2.11/SIGNATURE'
[MSG] [Thu May 29 17:45:25 2008] Extracted 'Class-MethodMaker-2.11/README'
[MSG] [Thu May 29 17:45:25 2008] Extracted 'Class-MethodMaker-2.11/cmmg.pl'
[MSG] [Thu May 29 17:45:25 2008] Extracted 'Class-MethodMaker-2.11/META.yml'
[MSG] [Thu May 29 17:45:25 2008] Extracted 'Class-MethodMaker-2.11/end.pod'
[MSG] [Thu May 29 17:45:25 2008] Extracted 'Class-MethodMaker-2.11/MANIFEST.SKIP'
[MSG] [Thu May 29 17:45:25 2008] Extracted 'Class-MethodMaker-2.11/benchmark/'
[MSG] [Thu May 29 17:45:25 2008] Extracted 'Class-MethodMaker-2.11/benchmark/lexical.pl'
[MSG] [Thu May 29 17:45:25 2008] Extracted 'Class-MethodMaker-2.11/examples/'
[MSG] [Thu May 29 17:45:25 2008] Extracted 'Class-MethodMaker-2.11/examples/simple1'
[MSG] [Thu May 29 17:45:25 2008] Extracted 'Class-MethodMaker-2.11/generate.PL'
[MSG] [Thu May 29 17:45:25 2008] Extracted 'Class-MethodMaker-2.11/MethodMaker.xs'
[MSG] [Thu May 29 17:45:25 2008] Extracted 'Class-MethodMaker-2.11/INSTALL'
[MSG] [Thu May 29 17:45:25 2008] Extracted 'Class-MethodMaker-2.11/Makefile.PL'
[MSG] [Thu May 29 17:45:25 2008] Extracted 'Class::MethodMaker' to '/home/klaymen/.cpanplus/5.8.8/build/Class-MethodMaker-2.11'
[MSG] [Thu May 29 17:45:25 2008] Writing Makefile for Class::MethodMaker

[MSG] [Thu May 29 17:45:25 2008] DEFAULT 'filter_prereqs' HANDLER RETURNING 'sub return value'
[MSG] [Thu May 29 17:45:28 2008] gcc -c   -D_REENTRANT -D_GNU_SOURCE -fno-strict-aliasing -pipe -Wdeclaration-after-statement -I/usr/local/include -D_LARGEFILE_SOURCE -D_FILE_OFFSET_BITS=64 -I/usr/include/gdbm -O2 -g -pipe -Wall -Wp,-D_FORTIFY_SOURCE=2 -fexceptions -fstack-protector --param=ssp-buffer-size=4 -m64 -mtune=generic   -DVERSION=\"2.11\" -DXS_VERSION=\"2.11\" -fPIC "-I/usr/lib64/perl5/5.8.8/x86_64-linux-thread-multi/CORE"   MethodMaker.c
Running Mkbootstrap for Class::MethodMaker ()
chmod 644 MethodMaker.bs
rm -f blib/arch/auto/Class/MethodMaker/MethodMaker.so
gcc  -shared -O2 -g -pipe -Wall -Wp,-D_FORTIFY_SOURCE=2 -fexceptions -fstack-protector --param=ssp-buffer-size=4 -m64 -mtune=generic MethodMaker.o  -o blib/arch/auto/Class/MethodMaker/MethodMaker.so 	\
	     	\
	  
chmod 755 blib/arch/auto/Class/MethodMaker/MethodMaker.so
cp MethodMaker.bs blib/arch/auto/Class/MethodMaker/MethodMaker.bs
chmod 644 blib/arch/auto/Class/MethodMaker/MethodMaker.bs
Manifying blib/man3/Class::MethodMaker::OptExt.3pm
Manifying blib/man3/Class::MethodMaker::hash.3pm
Manifying blib/man3/Class::MethodMaker::Constants.3pm
Manifying blib/man3/Class::MethodMaker::Engine.3pm
Manifying blib/man3/Class::MethodMaker::V1Compat.3pm
Manifying blib/man3/Class::MethodMaker.3pm
Manifying blib/man3/Class::MethodMaker::scalar.3pm
Manifying blib/man3/Class::MethodMaker::array.3pm

[MSG] [Thu May 29 17:45:31 2008] MAKE TEST passed: 
[ERROR] [Thu May 29 17:45:35 2008] MAKE INSTALL failed: Nicht erlaubter Seek 