
[MSG] [Thu May 29 17:38:54 2008] Trying to get 'ftp://ftp.cpan.org/pub/CPAN/authors/id/B/BM/BMC/WWW-Bugzilla-1.3.tar.gz'
[MSG] [Thu May 29 17:38:57 2008] Trying to get 'ftp://ftp.cpan.org/pub/CPAN/authors/id/B/BM/BMC/CHECKSUMS'
[MSG] [Thu May 29 17:39:00 2008] Checksum matches for 'WWW-Bugzilla-1.3.tar.gz'
[MSG] [Thu May 29 17:39:00 2008] Extracted 'WWW-Bugzilla-1.3/'
[MSG] [Thu May 29 17:39:00 2008] Extracted 'WWW-Bugzilla-1.3/ARTISTIC'
[MSG] [Thu May 29 17:39:00 2008] Extracted 'WWW-Bugzilla-1.3/Changes'
[MSG] [Thu May 29 17:39:00 2008] Extracted 'WWW-Bugzilla-1.3/CREDIT'
[MSG] [Thu May 29 17:39:00 2008] Extracted 'WWW-Bugzilla-1.3/GPL'
[MSG] [Thu May 29 17:39:00 2008] Extracted 'WWW-Bugzilla-1.3/Makefile.PL'
[MSG] [Thu May 29 17:39:00 2008] Extracted 'WWW-Bugzilla-1.3/MANIFEST'
[MSG] [Thu May 29 17:39:00 2008] Extracted 'WWW-Bugzilla-1.3/META.yml'
[MSG] [Thu May 29 17:39:00 2008] Extracted 'WWW-Bugzilla-1.3/README'
[MSG] [Thu May 29 17:39:00 2008] Extracted 'WWW-Bugzilla-1.3/t/'
[MSG] [Thu May 29 17:39:00 2008] Extracted 'WWW-Bugzilla-1.3/t/search.t'
[MSG] [Thu May 29 17:39:00 2008] Extracted 'WWW-Bugzilla-1.3/t/www_bugzilla.t'
[MSG] [Thu May 29 17:39:00 2008] Extracted 'WWW-Bugzilla-1.3/WWW/'
[MSG] [Thu May 29 17:39:00 2008] Extracted 'WWW-Bugzilla-1.3/WWW/Bugzilla/'
[MSG] [Thu May 29 17:39:00 2008] Extracted 'WWW-Bugzilla-1.3/WWW/Bugzilla/Search.pm'
[MSG] [Thu May 29 17:39:00 2008] Extracted 'WWW-Bugzilla-1.3/WWW/Bugzilla.pm'
[MSG] [Thu May 29 17:39:00 2008] Extracted 'WWW::Bugzilla::Search' to '/home/klaymen/.cpanplus/5.8.8/build/WWW-Bugzilla-1.3'
[MSG] [Thu May 29 17:39:00 2008] Checking if your kit is complete...
Looks good
Warning: prerequisite Class::MethodMaker 1.08 not found.
Warning: prerequisite Crypt::SSLeay 0.57 not found. We have 0.51.
Warning: prerequisite Params::Validate 0.88 not found.
Warning: prerequisite WWW::Mechanize 1.3 not found.
Writing Makefile for WWW::Bugzilla

[MSG] [Thu May 29 17:39:00 2008] DEFAULT 'filter_prereqs' HANDLER RETURNING 'sub return value'
[MSG] [Thu May 29 17:39:00 2008] Module 'WWW::Bugzilla::Search' requires 'Class::MethodMaker' version '1.08' to be installed 
[MSG] [Thu May 29 17:39:00 2008] Module 'WWW::Bugzilla::Search' requires 'Crypt::SSLeay' version '0.57' to be installed 
[MSG] [Thu May 29 17:39:00 2008] Module 'WWW::Bugzilla::Search' requires 'Params::Validate' version '0.88' to be installed 
[MSG] [Thu May 29 17:39:00 2008] Module 'WWW::Bugzilla::Search' requires 'WWW::Mechanize' version '1.3' to be installed 
[HISTORY] [Thu May 29 17:41:14 2008] Should I install this module? [Y/n]:  y
[MSG] [Thu May 29 17:41:14 2008] Trying to get 'ftp://ftp.cpan.org/pub/CPAN/authors/id/S/SC/SCHWIGON/class-methodmaker/Class-MethodMaker-2.11.tar.gz'
[MSG] [Thu May 29 17:41:16 2008] Trying to get 'ftp://ftp.cpan.org/pub/CPAN/authors/id/S/SC/SCHWIGON/class-methodmaker/CHECKSUMS'
[MSG] [Thu May 29 17:41:19 2008] Checksum matches for 'Class-MethodMaker-2.11.tar.gz'
[MSG] [Thu May 29 17:41:19 2008] Extracted 'Class-MethodMaker-2.11/'
[MSG] [Thu May 29 17:41:19 2008] Extracted 'Class-MethodMaker-2.11/t/'
[MSG] [Thu May 29 17:41:19 2008] Extracted 'Class-MethodMaker-2.11/t/v1_boolean.t'
[MSG] [Thu May 29 17:41:19 2008] Extracted 'Class-MethodMaker-2.11/t/v1_static_list.t'
[MSG] [Thu May 29 17:41:19 2008] Extracted 'Class-MethodMaker-2.11/t/v1_key_with_create.t'
[MSG] [Thu May 29 17:41:19 2008] Extracted 'Class-MethodMaker-2.11/t/array.t'
[MSG] [Thu May 29 17:41:19 2008] Extracted 'Class-MethodMaker-2.11/t/v1_object_tie_list.t'
[MSG] [Thu May 29 17:41:19 2008] Extracted 'Class-MethodMaker-2.11/t/v1_list.t'
[MSG] [Thu May 29 17:41:19 2008] Extracted 'Class-MethodMaker-2.11/t/diffclass.t'
[MSG] [Thu May 29 17:41:19 2008] Extracted 'Class-MethodMaker-2.11/t/v1_static_hash.t'
[MSG] [Thu May 29 17:41:19 2008] Extracted 'Class-MethodMaker-2.11/t/v1_set_once_static.t'
[MSG] [Thu May 29 17:41:19 2008] Extracted 'Class-MethodMaker-2.11/t/v1_tie_list.t'
[MSG] [Thu May 29 17:41:19 2008] Extracted 'Class-MethodMaker-2.11/t/test_v1.pm'
[MSG] [Thu May 29 17:41:19 2008] Extracted 'Class-MethodMaker-2.11/t/v1_get_set.t'
[MSG] [Thu May 29 17:41:19 2008] Extracted 'Class-MethodMaker-2.11/t/v1_hash.t'
[MSG] [Thu May 29 17:41:19 2008] Extracted 'Class-MethodMaker-2.11/t/new.t'
[MSG] [Thu May 29 17:41:19 2008] Extracted 'Class-MethodMaker-2.11/t/v1_new_hash_with_init.t'
[MSG] [Thu May 29 17:41:19 2008] Extracted 'Class-MethodMaker-2.11/t/test.pm'
[MSG] [Thu May 29 17:41:19 2008] Extracted 'Class-MethodMaker-2.11/t/v1_abstract.t'
[MSG] [Thu May 29 17:41:19 2008] Extracted 'Class-MethodMaker-2.11/t/v1_tie_hash.t'
[MSG] [Thu May 29 17:41:19 2008] Extracted 'Class-MethodMaker-2.11/t/basic.t'
[MSG] [Thu May 29 17:41:19 2008] Extracted 'Class-MethodMaker-2.11/t/v1_get_set_hi.t'
[MSG] [Thu May 29 17:41:19 2008] Extracted 'Class-MethodMaker-2.11/t/v1_counter.t'
[MSG] [Thu May 29 17:41:19 2008] Extracted 'Class-MethodMaker-2.11/t/v1_copy.t'
[MSG] [Thu May 29 17:41:19 2008] Extracted 'Class-MethodMaker-2.11/t/v1_singleton.t'
[MSG] [Thu May 29 17:41:19 2008] Extracted 'Class-MethodMaker-2.11/t/0-signature.t'
[MSG] [Thu May 29 17:41:19 2008] Extracted 'Class-MethodMaker-2.11/t/v1_code.t'
[MSG] [Thu May 29 17:41:19 2008] Extracted 'Class-MethodMaker-2.11/t/v1_get_concat.t'
[MSG] [Thu May 29 17:41:19 2008] Extracted 'Class-MethodMaker-2.11/t/scalar.t'
[MSG] [Thu May 29 17:41:19 2008] Extracted 'Class-MethodMaker-2.11/t/redefine-warnings.t'
[MSG] [Thu May 29 17:41:19 2008] Extracted 'Class-MethodMaker-2.11/t/v1_method.t'
[MSG] [Thu May 29 17:41:19 2008] Extracted 'Class-MethodMaker-2.11/t/hash.t'
[MSG] [Thu May 29 17:41:19 2008] Extracted 'Class-MethodMaker-2.11/t/v1_key_attrib.t'
[MSG] [Thu May 29 17:41:19 2008] Extracted 'Class-MethodMaker-2.11/t/v1_object.t'
[MSG] [Thu May 29 17:41:19 2008] Extracted 'Class-MethodMaker-2.11/t/v1_object_tie_hash.t'
[MSG] [Thu May 29 17:41:19 2008] Extracted 'Class-MethodMaker-2.11/t/v1_set_once.t'
[MSG] [Thu May 29 17:41:19 2008] Extracted 'Class-MethodMaker-2.11/t/v1_tie_scalar.t'
[MSG] [Thu May 29 17:41:19 2008] Extracted 'Class-MethodMaker-2.11/t/v1_object_list.t'
[MSG] [Thu May 29 17:41:20 2008] Extracted 'Class-MethodMaker-2.11/t/v1_new.t'
[MSG] [Thu May 29 17:41:20 2008] Extracted 'Class-MethodMaker-2.11/t/v1_static_get_set.t'
[MSG] [Thu May 29 17:41:20 2008] Extracted 'Class-MethodMaker-2.11/Changes'
[MSG] [Thu May 29 17:41:20 2008] Extracted 'Class-MethodMaker-2.11/components/'
[MSG] [Thu May 29 17:41:20 2008] Extracted 'Class-MethodMaker-2.11/components/hash.m'
[MSG] [Thu May 29 17:41:20 2008] Extracted 'Class-MethodMaker-2.11/components/CommonMethods.pm'
[MSG] [Thu May 29 17:41:20 2008] Extracted 'Class-MethodMaker-2.11/components/array.m'
[MSG] [Thu May 29 17:41:20 2008] Extracted 'Class-MethodMaker-2.11/components/scalar.m'
[MSG] [Thu May 29 17:41:20 2008] Extracted 'Class-MethodMaker-2.11/MANIFEST'
[MSG] [Thu May 29 17:41:20 2008] Extracted 'Class-MethodMaker-2.11/TODO'
[MSG] [Thu May 29 17:41:20 2008] Extracted 'Class-MethodMaker-2.11/lib/'
[MSG] [Thu May 29 17:41:20 2008] Extracted 'Class-MethodMaker-2.11/lib/Class/'
[MSG] [Thu May 29 17:41:20 2008] Extracted 'Class-MethodMaker-2.11/lib/Class/MethodMaker.pm'
[MSG] [Thu May 29 17:41:20 2008] Extracted 'Class-MethodMaker-2.11/lib/Class/.placeholder'
[MSG] [Thu May 29 17:41:20 2008] Extracted 'Class-MethodMaker-2.11/lib/Class/MethodMaker/'
[MSG] [Thu May 29 17:41:20 2008] Extracted 'Class-MethodMaker-2.11/lib/Class/MethodMaker/Constants.pm'
[MSG] [Thu May 29 17:41:20 2008] Extracted 'Class-MethodMaker-2.11/lib/Class/MethodMaker/OptExt.pm'
[MSG] [Thu May 29 17:41:20 2008] Extracted 'Class-MethodMaker-2.11/lib/Class/MethodMaker/Engine.pm'
[MSG] [Thu May 29 17:41:20 2008] Extracted 'Class-MethodMaker-2.11/lib/Class/MethodMaker/V1Compat.pm'
[MSG] [Thu May 29 17:41:20 2008] Extracted 'Class-MethodMaker-2.11/Generate.pm'
[MSG] [Thu May 29 17:41:20 2008] Extracted 'Class-MethodMaker-2.11/configure'
[MSG] [Thu May 29 17:41:20 2008] Extracted 'Class-MethodMaker-2.11/SIGNATURE'
[MSG] [Thu May 29 17:41:20 2008] Extracted 'Class-MethodMaker-2.11/README'
[MSG] [Thu May 29 17:41:20 2008] Extracted 'Class-MethodMaker-2.11/cmmg.pl'
[MSG] [Thu May 29 17:41:20 2008] Extracted 'Class-MethodMaker-2.11/META.yml'
[MSG] [Thu May 29 17:41:20 2008] Extracted 'Class-MethodMaker-2.11/end.pod'
[MSG] [Thu May 29 17:41:20 2008] Extracted 'Class-MethodMaker-2.11/MANIFEST.SKIP'
[MSG] [Thu May 29 17:41:20 2008] Extracted 'Class-MethodMaker-2.11/benchmark/'
[MSG] [Thu May 29 17:41:20 2008] Extracted 'Class-MethodMaker-2.11/benchmark/lexical.pl'
[MSG] [Thu May 29 17:41:20 2008] Extracted 'Class-MethodMaker-2.11/examples/'
[MSG] [Thu May 29 17:41:20 2008] Extracted 'Class-MethodMaker-2.11/examples/simple1'
[MSG] [Thu May 29 17:41:20 2008] Extracted 'Class-MethodMaker-2.11/generate.PL'
[MSG] [Thu May 29 17:41:20 2008] Extracted 'Class-MethodMaker-2.11/MethodMaker.xs'
[MSG] [Thu May 29 17:41:20 2008] Extracted 'Class-MethodMaker-2.11/INSTALL'
[MSG] [Thu May 29 17:41:20 2008] Extracted 'Class-MethodMaker-2.11/Makefile.PL'
[MSG] [Thu May 29 17:41:20 2008] Extracted 'Class::MethodMaker' to '/home/klaymen/.cpanplus/5.8.8/build/Class-MethodMaker-2.11'
[MSG] [Thu May 29 17:41:20 2008] Checking if your kit is complete...
Looks good
Writing Makefile for Class::MethodMaker

[MSG] [Thu May 29 17:41:20 2008] DEFAULT 'filter_prereqs' HANDLER RETURNING 'sub return value'
[MSG] [Thu May 29 17:41:31 2008] /usr/bin/perl cmmg.pl components/array.m > lib/Class/MethodMaker/array.pm
/usr/bin/perl cmmg.pl components/hash.m > lib/Class/MethodMaker/hash.pm
/usr/bin/perl cmmg.pl components/scalar.m > lib/Class/MethodMaker/scalar.pm
cp lib/Class/MethodMaker/OptExt.pm blib/lib/Class/MethodMaker/OptExt.pm
cp lib/Class/MethodMaker/hash.pm blib/lib/Class/MethodMaker/hash.pm
AutoSplitting blib/lib/Class/MethodMaker/hash.pm (blib/lib/auto/Class/MethodMaker/hash)
cp lib/Class/MethodMaker/Constants.pm blib/lib/Class/MethodMaker/Constants.pm
cp lib/Class/MethodMaker/Engine.pm blib/lib/Class/MethodMaker/Engine.pm
AutoSplitting blib/lib/Class/MethodMaker/Engine.pm (blib/lib/auto/Class/MethodMaker/Engine)
cp lib/Class/MethodMaker/V1Compat.pm blib/lib/Class/MethodMaker/V1Compat.pm
cp lib/Class/MethodMaker.pm blib/lib/Class/MethodMaker.pm
cp lib/Class/MethodMaker/array.pm blib/lib/Class/MethodMaker/array.pm
AutoSplitting blib/lib/Class/MethodMaker/array.pm (blib/lib/auto/Class/MethodMaker/array)
cp lib/Class/MethodMaker/scalar.pm blib/lib/Class/MethodMaker/scalar.pm
AutoSplitting blib/lib/Class/MethodMaker/scalar.pm (blib/lib/auto/Class/MethodMaker/scalar)
/usr/bin/perl /usr/lib/perl5/5.8.8/ExtUtils/xsubpp  -typemap /usr/lib/perl5/5.8.8/ExtUtils/typemap  MethodMaker.xs > MethodMaker.xsc && mv MethodMaker.xsc MethodMaker.c
Please specify prototyping behavior for MethodMaker.xs (see perlxs manual)
gcc -c   -D_REENTRANT -D_GNU_SOURCE -fno-strict-aliasing -pipe -Wdeclaration-after-statement -I/usr/local/include -D_LARGEFILE_SOURCE -D_FILE_OFFSET_BITS=64 -I/usr/include/gdbm -O2 -g -pipe -Wall -Wp,-D_FORTIFY_SOURCE=2 -fexceptions -fstack-protector --param=ssp-buffer-size=4 -m64 -mtune=generic   -DVERSION=\"2.11\" -DXS_VERSION=\"2.11\" -fPIC "-I/usr/lib64/perl5/5.8.8/x86_64-linux-thread-multi/CORE"   MethodMaker.c
Running Mkbootstrap for Class::MethodMaker ()
chmod 644 MethodMaker.bs
rm -f blib/arch/auto/Class/MethodMaker/MethodMaker.so
gcc  -shared -O2 -g -pipe -Wall -Wp,-D_FORTIFY_SOURCE=2 -fexceptions -fstack-protector --param=ssp-buffer-size=4 -m64 -mtune=generic MethodMaker.o  -o blib/arch/auto/Class/MethodMaker/MethodMaker.so 	\
	     	\
	  
chmod 755 blib/arch/auto/Class/MethodMaker/MethodMaker.so
cp MethodMaker.bs blib/arch/auto/Class/MethodMaker/MethodMaker.bs
chmod 644 blib/arch/auto/Class/MethodMaker/MethodMaker.bs
Manifying blib/man3/Class::MethodMaker::OptExt.3pm
Manifying blib/man3/Class::MethodMaker::hash.3pm
Manifying blib/man3/Class::MethodMaker::Constants.3pm
Manifying blib/man3/Class::MethodMaker::Engine.3pm
Manifying blib/man3/Class::MethodMaker::V1Compat.3pm
Manifying blib/man3/Class::MethodMaker.3pm
Manifying blib/man3/Class::MethodMaker::array.3pm
Manifying blib/man3/Class::MethodMaker::scalar.3pm

[MSG] [Thu May 29 17:41:34 2008] MAKE TEST passed: 
[ERROR] [Thu May 29 17:41:42 2008] MAKE INSTALL failed: Nicht erlaubter Seek 
[ERROR] [Thu May 29 17:41:42 2008] Failed to install 'Class::MethodMaker' as prerequisite for 'WWW::Bugzilla::Search'
[ERROR] [Thu May 29 17:41:42 2008] Unable to satisfy prerequisites for 'WWW::Bugzilla::Search' -- aborting install
[ERROR] [Thu May 29 17:41:42 2008] Unable to create a new distribution object for 'WWW::Bugzilla::Search' -- cannot continue