PERL_DL_NONLAZY=1
MANPATH=/home/klaymen/usr/man:/home/klaymen/usr/share/man:/home/klaymen/usr/cpan/share/man:
TARGET_PREFIX=/opt/Vivotek/lsp/bach/kernel_platform/tools/arm-linux
HOSTNAME=rd1-2.vivotek.tw
LINTDIR=/usr/share/pclint
GEM_HOME=/home/klaymen/usr/lib/ruby/gems/1.8
TERM=xterm
SHELL=/bin/bash
HISTSIZE=1000
MAKEFLAGS=
PROJECT=kernel_platform
SSH_CLIENT=172.16.2.50 1367 22
PRODUCTVER=SD71X3-VVTK-0100a
KDE_NO_IPV6=1
PERL5LIB=/home/klaymen/.cpan/build/Shell-GetEnv-0.08-Pa2Woo/inc:/home/klaymen/.cpan/build/Shell-GetEnv-0.08-Pa2Woo/blib/lib:/home/klaymen/.cpan/build/Shell-GetEnv-0.08-Pa2Woo/blib/arch:/home/klaymen/usr/cpan/lib/perl5/site_perl/5.8.8:/home/klaymen/usr/cpan/lib/perl5/5.8.8:/home/klaymen/usr/cpan/lib64/perl5/5.8.8/x86_64-linux-thread-multi:/home/klaymen/usr/cpan/lib64/perl5/site_perl/5.8.8/x86_64-linux-thread-multi:/home/klaymen/usr/lib/perl5/site_perl/5.8.8
LSPDIR=/opt/Vivotek/lsp/bach
PERL5_CPANPLUS_IS_RUNNING=19988
ROOTFSDIR=/home/klaymen/sd71x3-vvtk/build/../release/rootfs
SSH_TTY=/dev/pts/11
TOOLSDIR=/opt/Vivotek/lsp/bach/buildroot/build_arm_nofpu/staging_dir/bin
USER=klaymen
OSVERSION=2.6.20.4
LS_COLORS=no=00:fi=00:di=01;34:ln=00;36:pi=40;33:so=00;35:bd=40;33;01:cd=40;33;01:or=01;05;37;41:mi=01;05;37;41:ex=00;32:*.cmd=00;32:*.exe=00;32:*.com=00;32:*.btm=00;32:*.bat=00;32:*.sh=00;32:*.csh=00;32:*.tar=00;31:*.tgz=00;31:*.arj=00;31:*.taz=00;31:*.lzh=00;31:*.zip=00;31:*.z=00;31:*.Z=00;31:*.gz=00;31:*.bz2=00;31:*.bz=00;31:*.tz=00;31:*.rpm=00;31:*.cpio=00;31:*.jpg=00;35:*.gif=00;35:*.bmp=00;35:*.xbm=00;35:*.xpm=00;35:*.png=00;35:*.tif=00;35:
KERNELSRC=/opt/Vivotek/lsp/bach/kernel_platform/kernel/linux-2.6.20.4
L0BOOT=L0boot.bin
KDEDIR=/usr
MAKELEVEL=1
MFLAGS=
FLASHFSDIR=/home/klaymen/sd71x3-vvtk/build/../release/flashfs
PROJ_ROOT=/home/klaymen/sd71x3-vvtk/apps/app_cluster
KERNELINC=/opt/Vivotek/lsp/bach/kernel_platform/kernel/linux-2.6.20.4/include
MAIL=/var/spool/mail/klaymen
PATH=/opt/Vivotek/lsp/bach/buildroot/build_arm_nofpu/staging_dir/bin:/opt/Vivotek/lsp/bach/kernel_platform/tools/bin:/usr/local/bin:/opt/Vivotek/lsp/bach/buildroot/build_arm_nofpu/staging_dir/bin:/opt/Vivotek/lsp/bach/kernel_platform/tools/bin:/usr/local/bin:/home/klaymen/usr/bin/Horus:/home/klaymen/usr/bin:/home/klaymen/usr/cpan/bin:/usr/kerberos/bin:/usr/local/bin:/bin:/usr/bin:/home/klaymen/bin
MANSECT=8:2:1:3:4:5:6:7:9:0p:1p:3p:tcl:n:l:p:o
FTP_HOST_SITE=ftp://rd2-3
WEBDIR=/home/klaymen/sd71x3-vvtk/build/../release/flashfs/www
ETCDIR=/home/klaymen/sd71x3-vvtk/build/../release/flashfs/etc
_=/usr/bin/perl
PWD=/home/klaymen/.cpan/build/Shell-GetEnv-0.08-Pa2Woo
L2BOOT=armboot.bin
EDITOR=vim
LANG=en_US.UTF-8
IMAGEDIR=/home/klaymen/sd71x3-vvtk/build/../release/package/SD71X3-VVTK-0100a-en
KDE_IS_PRELINKED=1
PRODUCTNAME=bach
OSTOOLNAME=linux
PERL5_CPAN_IS_RUNNING=19988
ENVIMG=bootenv.img
VIVALDIDIR=/opt/Vivotek/lsp/bach/kernel_platform
SSH_ASKPASS=/usr/libexec/openssh/gnome-ssh-askpass
SHLVL=2
HOME=/home/klaymen
LANGUAGE=en
PARIMG=sysparam.img
PYTHONPATH=/home/klaymen/lib/python
LOGNAME=klaymen
TARGET=arm-linux
CVS_RSH=ssh
PREFIX=/home/klaymen/usr/cpan
BUILDROOTDIR=/opt/Vivotek/lsp/bach/buildroot
SSH_CONNECTION=172.16.2.50 1367 172.16.5.31 22
MAKEINC=/home/klaymen/makcomm
LESSOPEN=|/usr/bin/lesspipe.sh %s
BOARDTYPE=bach
OSEXTENSION=vvtk1000
FLASHFS_SRCDIR=/home/klaymen/sd71x3-vvtk/build/../flashfs
SENSORTYPE=DUALTYPE_VKS654R
DISPLAY=localhost:10.0
PRODUCTDIR=/home/klaymen/sd71x3-vvtk/build/..
ROOTFS_SRCDIR=/home/klaymen/sd71x3-vvtk/build/../rootfs
PRJROOT=/opt/Vivotek/lsp/bach/kernel_platform
PLUGINVER=2.0.0.91
RUBYLIB=/home/klaymen/usr/lib/ruby:/home/klaymen/usr/lib/
G_BROKEN_FILENAMES=1
ROOT_TYPE=CRAMFS_ROOT
TAP_VERSION=13
HARNESS_ACTIVE=1
HARNESS_VERSION=3.10
SHELL_GETENV_TEST=1
